warning: ignoring symlink /home/ec2-user/kubernetes/_output/local/go/src/k8s.io/kubernetes
go: warning: "k8s.io/kubernetes/vendor/github.com/go-bindata/go-bindata/..." matched no packages
+++ [0804 16:50:45] Skipping etcd start
+++ [0804 16:50:45] Running integration test cases
warning: ignoring symlink /home/ec2-user/kubernetes/_output/local/go/src/k8s.io/kubernetes
go: warning: "k8s.io/kubernetes/vendor/github.com/go-bindata/go-bindata/..." matched no packages
+++ [0804 16:50:48] Running tests without code coverage
can't load package: package k8s.io/kubernetes/test/integration/benchmark: no Go files in /home/ec2-user/kubernetes/_output/local/go/src/k8s.io/kubernetes/test/integration/benchmark
make[1]: *** [test] Error 1
!!! [0804 16:50:48] Call tree:
!!! [0804 16:50:48]  1: hack/make-rules/test-integration.sh:98 runTests(...)
make: *** [test-integration] Error 1
