go tool compile: fork/exec /usr/local/go/pkg/tool/linux_amd64/compile: resource temporarily unavailable
warning: ignoring symlink /home/ec2-user/kubernetes/_output/local/go/src/k8s.io/kubernetes
go: warning: "k8s.io/kubernetes/vendor/github.com/go-bindata/go-bindata/..." matched no packages
+++ [0804 16:52:31] Skipping etcd start
+++ [0804 16:52:31] Running integration test cases
go tool compile: exit status 2
runtime: failed to create new OS thread (have 2 already; errno=11)
runtime: may need to increase max user processes (ulimit -u)
fatal error: newosproc

runtime stack:
runtime.throw(0xe7936d, 0x9)
	/usr/local/go/src/runtime/panic.go:1116 +0x72
runtime.newosproc(0xc000074000)
	/usr/local/go/src/runtime/os_linux.go:161 +0x1ba
runtime.newm1(0xc000074000)
	/usr/local/go/src/runtime/proc.go:1753 +0xdc
runtime.newm(0xe9eaa8, 0x0)
	/usr/local/go/src/runtime/proc.go:1732 +0x8f
runtime.main.func1()
	/usr/local/go/src/runtime/proc.go:134 +0x36
runtime.systemstack(0x4627e4)
	/usr/local/go/src/runtime/asm_amd64.s:370 +0x66
runtime.mstart()
	/usr/local/go/src/runtime/proc.go:1041

goroutine 1 [running]:
runtime.systemstack_switch()
	/usr/local/go/src/runtime/asm_amd64.s:330 fp=0xc000070788 sp=0xc000070780 pc=0x4628e0
runtime.main()
	/usr/local/go/src/runtime/proc.go:133 +0x70 fp=0xc0000707e0 sp=0xc000070788 pc=0x435670
runtime.goexit()
	/usr/local/go/src/runtime/asm_amd64.s:1373 +0x1 fp=0xc0000707e8 sp=0xc0000707e0 pc=0x464871
warning: ignoring symlink /home/ec2-user/kubernetes/_output/local/go/src/k8s.io/kubernetes
go: warning: "k8s.io/kubernetes/vendor/github.com/go-bindata/go-bindata/..." matched no packages
+++ [0804 16:52:33] Running tests without code coverage
go tool compile: fork/exec /usr/local/go/pkg/tool/linux_amd64/compile: resource temporarily unavailable
go tool compile: fork/exec /usr/local/go/pkg/tool/linux_amd64/compile: resource temporarily unavailable
go tool compile: fork/exec /usr/local/go/pkg/tool/linux_amd64/compile: resource temporarily unavailable
go tool compile: fork/exec /usr/local/go/pkg/tool/linux_amd64/compile: resource temporarily unavailable
make[1]: *** [test] Error 1
!!! [0804 16:52:33] Call tree:
!!! [0804 16:52:33]  1: hack/make-rules/test-integration.sh:98 runTests(...)
make: *** [test-integration] Error 1
